<?xml version="1.0" encoding="UTF-8"?>
<!-- Generated by org.testng.reporters.JUnitReportReporter -->
<testsuite skipped="0" hostname="Roshans-Laptop" name="basic.Assertion" tests="3" failures="0" timestamp="2021-07-25T14:45:13 IST" time="0.150" errors="0">
  <testcase name="method3" time="0.017" classname="basic.Assertion"/>
  <system-out/>
  <testcase name="method1" time="0.120" classname="basic.Assertion"/>
  <system-out/>
  <testcase name="method2" time="0.013" classname="basic.Assertion"/>
  <system-out/>
</testsuite> <!-- basic.Assertion -->
